{"uid":"3e1d1ddca515a1d","name":"test_decorator_steps","fullName":"tests.test_decorator_steps#test_decorator_steps","historyId":"b2bae7904e7f6f67c68e363f8cfe7f16","time":{"start":1664993290073,"stop":1664993299969,"duration":9896},"status":"broken","statusMessage":"selenium.common.exceptions.WebDriverException: Message: unknown error: Chrome failed to start: exited abnormally.\n  (unknown error: DevToolsActivePort file doesn't exist)\n  (The process started from chrome location /usr/bin/google-chrome is no longer running, so ChromeDriver is assuming that Chrome has crashed.)\nStacktrace:\n#0 0x559eb8c252c3 <unknown>\n#1 0x559eb8a2e83a <unknown>\n#2 0x559eb8a54543 <unknown>\n#3 0x559eb8a4f546 <unknown>\n#4 0x559eb8a8dde6 <unknown>\n#5 0x559eb8a8d74f <unknown>\n#6 0x559eb8a85d63 <unknown>\n#7 0x559eb8a5a7e3 <unknown>\n#8 0x559eb8a5ba21 <unknown>\n#9 0x559eb8c7318e <unknown>\n#10 0x559eb8c76622 <unknown>\n#11 0x559eb8c59aae <unknown>\n#12 0x559eb8c772a3 <unknown>\n#13 0x559eb8c4decf <unknown>\n#14 0x559eb8c97588 <unknown>\n#15 0x559eb8c97706 <unknown>\n#16 0x559eb8cb18b2 <unknown>\n#17 0x7ff12df0d609 <unknown>","statusTrace":"@allure.tag(\"web\")\n    @allure.severity(Severity.CRITICAL)\n    @allure.label(\"owner\", \"Chesnova\")\n    @allure.feature(\"Задачи в репозитории\")\n    @allure.story(\"Неавторизованный пользователь может посмотреть задачу в репозитории\")\n    @allure.link(\"https://github.com\", name=\"Testing\")\n    def test_decorator_steps():\n>       open_main_page()\n\ntests/test_decorator_steps.py:15: \n_ _ _ _ _ _ _ _ _ _ _ _ _ _ _ _ _ _ _ _ _ _ _ _ _ _ _ _ _ _ _ _ _ _ _ _ _ _ _ _ \ntests/test_decorator_steps.py:24: in open_main_page\n    browser.open('https://github.com')\n/opt/hostedtoolcache/Python/3.10.7/x64/lib/python3.10/site-packages/selene/support/shared/browser.py:68: in open\n    self.config.get_or_create_driver().set_window_size(\n/opt/hostedtoolcache/Python/3.10.7/x64/lib/python3.10/site-packages/selene/support/shared/config.py:301: in get_or_create_driver\n    return self._source.get_or_create()\n/opt/hostedtoolcache/Python/3.10.7/x64/lib/python3.10/site-packages/selene/support/shared/config.py:135: in get_or_create\n    return self.create()\n/opt/hostedtoolcache/Python/3.10.7/x64/lib/python3.10/site-packages/selene/support/shared/config.py:116: in create\n    self._stored = self._set_driver()\n/opt/hostedtoolcache/Python/3.10.7/x64/lib/python3.10/site-packages/selene/support/shared/config.py:203: in <lambda>\n    lambda: self._set_drivers_from_webdriver_manager()\n/opt/hostedtoolcache/Python/3.10.7/x64/lib/python3.10/site-packages/selene/support/shared/config.py:277: in _set_drivers_from_webdriver_manager\n    return {\n/opt/hostedtoolcache/Python/3.10.7/x64/lib/python3.10/site-packages/selene/support/shared/config.py:252: in get_chrome\n    return Chrome(\n/opt/hostedtoolcache/Python/3.10.7/x64/lib/python3.10/site-packages/selenium/webdriver/chrome/webdriver.py:69: in __init__\n    super().__init__(DesiredCapabilities.CHROME['browserName'], \"goog\",\n/opt/hostedtoolcache/Python/3.10.7/x64/lib/python3.10/site-packages/selenium/webdriver/chromium/webdriver.py:92: in __init__\n    super().__init__(\n/opt/hostedtoolcache/Python/3.10.7/x64/lib/python3.10/site-packages/selenium/webdriver/remote/webdriver.py:270: in __init__\n    self.start_session(capabilities, browser_profile)\n/opt/hostedtoolcache/Python/3.10.7/x64/lib/python3.10/site-packages/selenium/webdriver/remote/webdriver.py:363: in start_session\n    response = self.execute(Command.NEW_SESSION, parameters)\n/opt/hostedtoolcache/Python/3.10.7/x64/lib/python3.10/site-packages/selenium/webdriver/remote/webdriver.py:428: in execute\n    self.error_handler.check_response(response)\n_ _ _ _ _ _ _ _ _ _ _ _ _ _ _ _ _ _ _ _ _ _ _ _ _ _ _ _ _ _ _ _ _ _ _ _ _ _ _ _ \n\nself = <selenium.webdriver.remote.errorhandler.ErrorHandler object at 0x7f59c41e31f0>\nresponse = {'status': 500, 'value': '{\"value\":{\"error\":\"unknown error\",\"message\":\"unknown error: Chrome failed to start: exited a...\\\\n#15 0x559eb8c97706 \\\\u003Cunknown>\\\\n#16 0x559eb8cb18b2 \\\\u003Cunknown>\\\\n#17 0x7ff12df0d609 \\\\u003Cunknown>\\\\n\"}}'}\n\n    def check_response(self, response: Dict[str, Any]) -> None:\n        \"\"\"\n        Checks that a JSON response from the WebDriver does not have an error.\n    \n        :Args:\n         - response - The JSON response from the WebDriver server as a dictionary\n           object.\n    \n        :Raises: If the response contains an error message.\n        \"\"\"\n        status = response.get('status', None)\n        if not status or status == ErrorCode.SUCCESS:\n            return\n        value = None\n        message = response.get(\"message\", \"\")\n        screen: str = response.get(\"screen\", \"\")\n        stacktrace = None\n        if isinstance(status, int):\n            value_json = response.get('value', None)\n            if value_json and isinstance(value_json, str):\n                import json\n                try:\n                    value = json.loads(value_json)\n                    if len(value.keys()) == 1:\n                        value = value['value']\n                    status = value.get('error', None)\n                    if not status:\n                        status = value.get(\"status\", ErrorCode.UNKNOWN_ERROR)\n                        message = value.get(\"value\") or value.get(\"message\")\n                        if not isinstance(message, str):\n                            value = message\n                            message = message.get('message')\n                    else:\n                        message = value.get('message', None)\n                except ValueError:\n                    pass\n    \n        exception_class: Type[WebDriverException]\n        if status in ErrorCode.NO_SUCH_ELEMENT:\n            exception_class = NoSuchElementException\n        elif status in ErrorCode.NO_SUCH_FRAME:\n            exception_class = NoSuchFrameException\n        elif status in ErrorCode.NO_SUCH_SHADOW_ROOT:\n            exception_class = NoSuchShadowRootException\n        elif status in ErrorCode.NO_SUCH_WINDOW:\n            exception_class = NoSuchWindowException\n        elif status in ErrorCode.STALE_ELEMENT_REFERENCE:\n            exception_class = StaleElementReferenceException\n        elif status in ErrorCode.ELEMENT_NOT_VISIBLE:\n            exception_class = ElementNotVisibleException\n        elif status in ErrorCode.INVALID_ELEMENT_STATE:\n            exception_class = InvalidElementStateException\n        elif status in ErrorCode.INVALID_SELECTOR \\\n                or status in ErrorCode.INVALID_XPATH_SELECTOR \\\n                or status in ErrorCode.INVALID_XPATH_SELECTOR_RETURN_TYPER:\n            exception_class = InvalidSelectorException\n        elif status in ErrorCode.ELEMENT_IS_NOT_SELECTABLE:\n            exception_class = ElementNotSelectableException\n        elif status in ErrorCode.ELEMENT_NOT_INTERACTABLE:\n            exception_class = ElementNotInteractableException\n        elif status in ErrorCode.INVALID_COOKIE_DOMAIN:\n            exception_class = InvalidCookieDomainException\n        elif status in ErrorCode.UNABLE_TO_SET_COOKIE:\n            exception_class = UnableToSetCookieException\n        elif status in ErrorCode.TIMEOUT:\n            exception_class = TimeoutException\n        elif status in ErrorCode.SCRIPT_TIMEOUT:\n            exception_class = TimeoutException\n        elif status in ErrorCode.UNKNOWN_ERROR:\n            exception_class = WebDriverException\n        elif status in ErrorCode.UNEXPECTED_ALERT_OPEN:\n            exception_class = UnexpectedAlertPresentException\n        elif status in ErrorCode.NO_ALERT_OPEN:\n            exception_class = NoAlertPresentException\n        elif status in ErrorCode.IME_NOT_AVAILABLE:\n            exception_class = ImeNotAvailableException\n        elif status in ErrorCode.IME_ENGINE_ACTIVATION_FAILED:\n            exception_class = ImeActivationFailedException\n        elif status in ErrorCode.MOVE_TARGET_OUT_OF_BOUNDS:\n            exception_class = MoveTargetOutOfBoundsException\n        elif status in ErrorCode.JAVASCRIPT_ERROR:\n            exception_class = JavascriptException\n        elif status in ErrorCode.SESSION_NOT_CREATED:\n            exception_class = SessionNotCreatedException\n        elif status in ErrorCode.INVALID_ARGUMENT:\n            exception_class = InvalidArgumentException\n        elif status in ErrorCode.NO_SUCH_COOKIE:\n            exception_class = NoSuchCookieException\n        elif status in ErrorCode.UNABLE_TO_CAPTURE_SCREEN:\n            exception_class = ScreenshotException\n        elif status in ErrorCode.ELEMENT_CLICK_INTERCEPTED:\n            exception_class = ElementClickInterceptedException\n        elif status in ErrorCode.INSECURE_CERTIFICATE:\n            exception_class = InsecureCertificateException\n        elif status in ErrorCode.INVALID_COORDINATES:\n            exception_class = InvalidCoordinatesException\n        elif status in ErrorCode.INVALID_SESSION_ID:\n            exception_class = InvalidSessionIdException\n        elif status in ErrorCode.UNKNOWN_METHOD:\n            exception_class = UnknownMethodException\n        else:\n            exception_class = WebDriverException\n        if not value:\n            value = response['value']\n        if isinstance(value, str):\n            raise exception_class(value)\n        if message == \"\" and 'message' in value:\n            message = value['message']\n    \n        screen = None  # type: ignore[assignment]\n        if 'screen' in value:\n            screen = value['screen']\n    \n        stacktrace = None\n        st_value = value.get('stackTrace') or value.get('stacktrace')\n        if st_value:\n            if isinstance(st_value, str):\n                stacktrace = st_value.split('\\n')\n            else:\n                stacktrace = []\n                try:\n                    for frame in st_value:\n                        line = frame.get(\"lineNumber\", \"\")\n                        file = frame.get(\"fileName\", \"<anonymous>\")\n                        if line:\n                            file = f\"{file}:{line}\"\n                        meth = frame.get('methodName', '<anonymous>')\n                        if 'className' in frame:\n                            meth = \"{}.{}\".format(frame['className'], meth)\n                        msg = \"    at %s (%s)\"\n                        msg = msg % (meth, file)\n                        stacktrace.append(msg)\n                except TypeError:\n                    pass\n        if exception_class == UnexpectedAlertPresentException:\n            alert_text = None\n            if 'data' in value:\n                alert_text = value['data'].get('text')\n            elif 'alert' in value:\n                alert_text = value['alert'].get('text')\n            raise exception_class(message, screen, stacktrace, alert_text)  # type: ignore[call-arg]  # mypy is not smart enough here\n>       raise exception_class(message, screen, stacktrace)\nE       selenium.common.exceptions.WebDriverException: Message: unknown error: Chrome failed to start: exited abnormally.\nE         (unknown error: DevToolsActivePort file doesn't exist)\nE         (The process started from chrome location /usr/bin/google-chrome is no longer running, so ChromeDriver is assuming that Chrome has crashed.)\nE       Stacktrace:\nE       #0 0x559eb8c252c3 <unknown>\nE       #1 0x559eb8a2e83a <unknown>\nE       #2 0x559eb8a54543 <unknown>\nE       #3 0x559eb8a4f546 <unknown>\nE       #4 0x559eb8a8dde6 <unknown>\nE       #5 0x559eb8a8d74f <unknown>\nE       #6 0x559eb8a85d63 <unknown>\nE       #7 0x559eb8a5a7e3 <unknown>\nE       #8 0x559eb8a5ba21 <unknown>\nE       #9 0x559eb8c7318e <unknown>\nE       #10 0x559eb8c76622 <unknown>\nE       #11 0x559eb8c59aae <unknown>\nE       #12 0x559eb8c772a3 <unknown>\nE       #13 0x559eb8c4decf <unknown>\nE       #14 0x559eb8c97588 <unknown>\nE       #15 0x559eb8c97706 <unknown>\nE       #16 0x559eb8cb18b2 <unknown>\nE       #17 0x7ff12df0d609 <unknown>\n\n/opt/hostedtoolcache/Python/3.10.7/x64/lib/python3.10/site-packages/selenium/webdriver/remote/errorhandler.py:243: WebDriverException","flaky":false,"newFailed":false,"newBroken":false,"newPassed":false,"retriesCount":0,"retriesStatusChange":false,"beforeStages":[{"name":"open_browser","time":{"start":1664993290034,"stop":1664993290034,"duration":0},"status":"passed","steps":[],"attachments":[],"parameters":[],"stepsCount":0,"attachmentsCount":0,"shouldDisplayMessage":false,"hasContent":false}],"testStage":{"status":"broken","statusMessage":"selenium.common.exceptions.WebDriverException: Message: unknown error: Chrome failed to start: exited abnormally.\n  (unknown error: DevToolsActivePort file doesn't exist)\n  (The process started from chrome location /usr/bin/google-chrome is no longer running, so ChromeDriver is assuming that Chrome has crashed.)\nStacktrace:\n#0 0x559eb8c252c3 <unknown>\n#1 0x559eb8a2e83a <unknown>\n#2 0x559eb8a54543 <unknown>\n#3 0x559eb8a4f546 <unknown>\n#4 0x559eb8a8dde6 <unknown>\n#5 0x559eb8a8d74f <unknown>\n#6 0x559eb8a85d63 <unknown>\n#7 0x559eb8a5a7e3 <unknown>\n#8 0x559eb8a5ba21 <unknown>\n#9 0x559eb8c7318e <unknown>\n#10 0x559eb8c76622 <unknown>\n#11 0x559eb8c59aae <unknown>\n#12 0x559eb8c772a3 <unknown>\n#13 0x559eb8c4decf <unknown>\n#14 0x559eb8c97588 <unknown>\n#15 0x559eb8c97706 <unknown>\n#16 0x559eb8cb18b2 <unknown>\n#17 0x7ff12df0d609 <unknown>","statusTrace":"@allure.tag(\"web\")\n    @allure.severity(Severity.CRITICAL)\n    @allure.label(\"owner\", \"Chesnova\")\n    @allure.feature(\"Задачи в репозитории\")\n    @allure.story(\"Неавторизованный пользователь может посмотреть задачу в репозитории\")\n    @allure.link(\"https://github.com\", name=\"Testing\")\n    def test_decorator_steps():\n>       open_main_page()\n\ntests/test_decorator_steps.py:15: \n_ _ _ _ _ _ _ _ _ _ _ _ _ _ _ _ _ _ _ _ _ _ _ _ _ _ _ _ _ _ _ _ _ _ _ _ _ _ _ _ \ntests/test_decorator_steps.py:24: in open_main_page\n    browser.open('https://github.com')\n/opt/hostedtoolcache/Python/3.10.7/x64/lib/python3.10/site-packages/selene/support/shared/browser.py:68: in open\n    self.config.get_or_create_driver().set_window_size(\n/opt/hostedtoolcache/Python/3.10.7/x64/lib/python3.10/site-packages/selene/support/shared/config.py:301: in get_or_create_driver\n    return self._source.get_or_create()\n/opt/hostedtoolcache/Python/3.10.7/x64/lib/python3.10/site-packages/selene/support/shared/config.py:135: in get_or_create\n    return self.create()\n/opt/hostedtoolcache/Python/3.10.7/x64/lib/python3.10/site-packages/selene/support/shared/config.py:116: in create\n    self._stored = self._set_driver()\n/opt/hostedtoolcache/Python/3.10.7/x64/lib/python3.10/site-packages/selene/support/shared/config.py:203: in <lambda>\n    lambda: self._set_drivers_from_webdriver_manager()\n/opt/hostedtoolcache/Python/3.10.7/x64/lib/python3.10/site-packages/selene/support/shared/config.py:277: in _set_drivers_from_webdriver_manager\n    return {\n/opt/hostedtoolcache/Python/3.10.7/x64/lib/python3.10/site-packages/selene/support/shared/config.py:252: in get_chrome\n    return Chrome(\n/opt/hostedtoolcache/Python/3.10.7/x64/lib/python3.10/site-packages/selenium/webdriver/chrome/webdriver.py:69: in __init__\n    super().__init__(DesiredCapabilities.CHROME['browserName'], \"goog\",\n/opt/hostedtoolcache/Python/3.10.7/x64/lib/python3.10/site-packages/selenium/webdriver/chromium/webdriver.py:92: in __init__\n    super().__init__(\n/opt/hostedtoolcache/Python/3.10.7/x64/lib/python3.10/site-packages/selenium/webdriver/remote/webdriver.py:270: in __init__\n    self.start_session(capabilities, browser_profile)\n/opt/hostedtoolcache/Python/3.10.7/x64/lib/python3.10/site-packages/selenium/webdriver/remote/webdriver.py:363: in start_session\n    response = self.execute(Command.NEW_SESSION, parameters)\n/opt/hostedtoolcache/Python/3.10.7/x64/lib/python3.10/site-packages/selenium/webdriver/remote/webdriver.py:428: in execute\n    self.error_handler.check_response(response)\n_ _ _ _ _ _ _ _ _ _ _ _ _ _ _ _ _ _ _ _ _ _ _ _ _ _ _ _ _ _ _ _ _ _ _ _ _ _ _ _ \n\nself = <selenium.webdriver.remote.errorhandler.ErrorHandler object at 0x7f59c41e31f0>\nresponse = {'status': 500, 'value': '{\"value\":{\"error\":\"unknown error\",\"message\":\"unknown error: Chrome failed to start: exited a...\\\\n#15 0x559eb8c97706 \\\\u003Cunknown>\\\\n#16 0x559eb8cb18b2 \\\\u003Cunknown>\\\\n#17 0x7ff12df0d609 \\\\u003Cunknown>\\\\n\"}}'}\n\n    def check_response(self, response: Dict[str, Any]) -> None:\n        \"\"\"\n        Checks that a JSON response from the WebDriver does not have an error.\n    \n        :Args:\n         - response - The JSON response from the WebDriver server as a dictionary\n           object.\n    \n        :Raises: If the response contains an error message.\n        \"\"\"\n        status = response.get('status', None)\n        if not status or status == ErrorCode.SUCCESS:\n            return\n        value = None\n        message = response.get(\"message\", \"\")\n        screen: str = response.get(\"screen\", \"\")\n        stacktrace = None\n        if isinstance(status, int):\n            value_json = response.get('value', None)\n            if value_json and isinstance(value_json, str):\n                import json\n                try:\n                    value = json.loads(value_json)\n                    if len(value.keys()) == 1:\n                        value = value['value']\n                    status = value.get('error', None)\n                    if not status:\n                        status = value.get(\"status\", ErrorCode.UNKNOWN_ERROR)\n                        message = value.get(\"value\") or value.get(\"message\")\n                        if not isinstance(message, str):\n                            value = message\n                            message = message.get('message')\n                    else:\n                        message = value.get('message', None)\n                except ValueError:\n                    pass\n    \n        exception_class: Type[WebDriverException]\n        if status in ErrorCode.NO_SUCH_ELEMENT:\n            exception_class = NoSuchElementException\n        elif status in ErrorCode.NO_SUCH_FRAME:\n            exception_class = NoSuchFrameException\n        elif status in ErrorCode.NO_SUCH_SHADOW_ROOT:\n            exception_class = NoSuchShadowRootException\n        elif status in ErrorCode.NO_SUCH_WINDOW:\n            exception_class = NoSuchWindowException\n        elif status in ErrorCode.STALE_ELEMENT_REFERENCE:\n            exception_class = StaleElementReferenceException\n        elif status in ErrorCode.ELEMENT_NOT_VISIBLE:\n            exception_class = ElementNotVisibleException\n        elif status in ErrorCode.INVALID_ELEMENT_STATE:\n            exception_class = InvalidElementStateException\n        elif status in ErrorCode.INVALID_SELECTOR \\\n                or status in ErrorCode.INVALID_XPATH_SELECTOR \\\n                or status in ErrorCode.INVALID_XPATH_SELECTOR_RETURN_TYPER:\n            exception_class = InvalidSelectorException\n        elif status in ErrorCode.ELEMENT_IS_NOT_SELECTABLE:\n            exception_class = ElementNotSelectableException\n        elif status in ErrorCode.ELEMENT_NOT_INTERACTABLE:\n            exception_class = ElementNotInteractableException\n        elif status in ErrorCode.INVALID_COOKIE_DOMAIN:\n            exception_class = InvalidCookieDomainException\n        elif status in ErrorCode.UNABLE_TO_SET_COOKIE:\n            exception_class = UnableToSetCookieException\n        elif status in ErrorCode.TIMEOUT:\n            exception_class = TimeoutException\n        elif status in ErrorCode.SCRIPT_TIMEOUT:\n            exception_class = TimeoutException\n        elif status in ErrorCode.UNKNOWN_ERROR:\n            exception_class = WebDriverException\n        elif status in ErrorCode.UNEXPECTED_ALERT_OPEN:\n            exception_class = UnexpectedAlertPresentException\n        elif status in ErrorCode.NO_ALERT_OPEN:\n            exception_class = NoAlertPresentException\n        elif status in ErrorCode.IME_NOT_AVAILABLE:\n            exception_class = ImeNotAvailableException\n        elif status in ErrorCode.IME_ENGINE_ACTIVATION_FAILED:\n            exception_class = ImeActivationFailedException\n        elif status in ErrorCode.MOVE_TARGET_OUT_OF_BOUNDS:\n            exception_class = MoveTargetOutOfBoundsException\n        elif status in ErrorCode.JAVASCRIPT_ERROR:\n            exception_class = JavascriptException\n        elif status in ErrorCode.SESSION_NOT_CREATED:\n            exception_class = SessionNotCreatedException\n        elif status in ErrorCode.INVALID_ARGUMENT:\n            exception_class = InvalidArgumentException\n        elif status in ErrorCode.NO_SUCH_COOKIE:\n            exception_class = NoSuchCookieException\n        elif status in ErrorCode.UNABLE_TO_CAPTURE_SCREEN:\n            exception_class = ScreenshotException\n        elif status in ErrorCode.ELEMENT_CLICK_INTERCEPTED:\n            exception_class = ElementClickInterceptedException\n        elif status in ErrorCode.INSECURE_CERTIFICATE:\n            exception_class = InsecureCertificateException\n        elif status in ErrorCode.INVALID_COORDINATES:\n            exception_class = InvalidCoordinatesException\n        elif status in ErrorCode.INVALID_SESSION_ID:\n            exception_class = InvalidSessionIdException\n        elif status in ErrorCode.UNKNOWN_METHOD:\n            exception_class = UnknownMethodException\n        else:\n            exception_class = WebDriverException\n        if not value:\n            value = response['value']\n        if isinstance(value, str):\n            raise exception_class(value)\n        if message == \"\" and 'message' in value:\n            message = value['message']\n    \n        screen = None  # type: ignore[assignment]\n        if 'screen' in value:\n            screen = value['screen']\n    \n        stacktrace = None\n        st_value = value.get('stackTrace') or value.get('stacktrace')\n        if st_value:\n            if isinstance(st_value, str):\n                stacktrace = st_value.split('\\n')\n            else:\n                stacktrace = []\n                try:\n                    for frame in st_value:\n                        line = frame.get(\"lineNumber\", \"\")\n                        file = frame.get(\"fileName\", \"<anonymous>\")\n                        if line:\n                            file = f\"{file}:{line}\"\n                        meth = frame.get('methodName', '<anonymous>')\n                        if 'className' in frame:\n                            meth = \"{}.{}\".format(frame['className'], meth)\n                        msg = \"    at %s (%s)\"\n                        msg = msg % (meth, file)\n                        stacktrace.append(msg)\n                except TypeError:\n                    pass\n        if exception_class == UnexpectedAlertPresentException:\n            alert_text = None\n            if 'data' in value:\n                alert_text = value['data'].get('text')\n            elif 'alert' in value:\n                alert_text = value['alert'].get('text')\n            raise exception_class(message, screen, stacktrace, alert_text)  # type: ignore[call-arg]  # mypy is not smart enough here\n>       raise exception_class(message, screen, stacktrace)\nE       selenium.common.exceptions.WebDriverException: Message: unknown error: Chrome failed to start: exited abnormally.\nE         (unknown error: DevToolsActivePort file doesn't exist)\nE         (The process started from chrome location /usr/bin/google-chrome is no longer running, so ChromeDriver is assuming that Chrome has crashed.)\nE       Stacktrace:\nE       #0 0x559eb8c252c3 <unknown>\nE       #1 0x559eb8a2e83a <unknown>\nE       #2 0x559eb8a54543 <unknown>\nE       #3 0x559eb8a4f546 <unknown>\nE       #4 0x559eb8a8dde6 <unknown>\nE       #5 0x559eb8a8d74f <unknown>\nE       #6 0x559eb8a85d63 <unknown>\nE       #7 0x559eb8a5a7e3 <unknown>\nE       #8 0x559eb8a5ba21 <unknown>\nE       #9 0x559eb8c7318e <unknown>\nE       #10 0x559eb8c76622 <unknown>\nE       #11 0x559eb8c59aae <unknown>\nE       #12 0x559eb8c772a3 <unknown>\nE       #13 0x559eb8c4decf <unknown>\nE       #14 0x559eb8c97588 <unknown>\nE       #15 0x559eb8c97706 <unknown>\nE       #16 0x559eb8cb18b2 <unknown>\nE       #17 0x7ff12df0d609 <unknown>\n\n/opt/hostedtoolcache/Python/3.10.7/x64/lib/python3.10/site-packages/selenium/webdriver/remote/errorhandler.py:243: WebDriverException","steps":[{"name":"Открываем главную страницу","time":{"start":1664993290074,"stop":1664993299968,"duration":9894},"status":"broken","statusMessage":"selenium.common.exceptions.WebDriverException: Message: unknown error: Chrome failed to start: exited abnormally.\n  (unknown error: DevToolsActivePort file doesn't exist)\n  (The process started from chrome location /usr/bin/google-chrome is no longer running, so ChromeDriver is assuming that Chrome has crashed.)\nStacktrace:\n#0 0x559eb8c252c3 <unknown>\n#1 0x559eb8a2e83a <unknown>\n#2 0x559eb8a54543 <unknown>\n#3 0x559eb8a4f546 <unknown>\n#4 0x559eb8a8dde6 <unknown>\n#5 0x559eb8a8d74f <unknown>\n#6 0x559eb8a85d63 <unknown>\n#7 0x559eb8a5a7e3 <unknown>\n#8 0x559eb8a5ba21 <unknown>\n#9 0x559eb8c7318e <unknown>\n#10 0x559eb8c76622 <unknown>\n#11 0x559eb8c59aae <unknown>\n#12 0x559eb8c772a3 <unknown>\n#13 0x559eb8c4decf <unknown>\n#14 0x559eb8c97588 <unknown>\n#15 0x559eb8c97706 <unknown>\n#16 0x559eb8cb18b2 <unknown>\n#17 0x7ff12df0d609 <unknown>\n\n","statusTrace":"  File \"/opt/hostedtoolcache/Python/3.10.7/x64/lib/python3.10/site-packages/allure_commons/_allure.py\", line 172, in impl\n    return func(*a, **kw)\n  File \"/home/runner/work/qa_guru_2_8/qa_guru_2_8/tests/test_decorator_steps.py\", line 24, in open_main_page\n    browser.open('https://github.com')\n  File \"/opt/hostedtoolcache/Python/3.10.7/x64/lib/python3.10/site-packages/selene/support/shared/browser.py\", line 68, in open\n    self.config.get_or_create_driver().set_window_size(\n  File \"/opt/hostedtoolcache/Python/3.10.7/x64/lib/python3.10/site-packages/selene/support/shared/config.py\", line 301, in get_or_create_driver\n    return self._source.get_or_create()\n  File \"/opt/hostedtoolcache/Python/3.10.7/x64/lib/python3.10/site-packages/selene/support/shared/config.py\", line 135, in get_or_create\n    return self.create()\n  File \"/opt/hostedtoolcache/Python/3.10.7/x64/lib/python3.10/site-packages/selene/support/shared/config.py\", line 116, in create\n    self._stored = self._set_driver()\n  File \"/opt/hostedtoolcache/Python/3.10.7/x64/lib/python3.10/site-packages/selene/support/shared/config.py\", line 203, in <lambda>\n    lambda: self._set_drivers_from_webdriver_manager()\n  File \"/opt/hostedtoolcache/Python/3.10.7/x64/lib/python3.10/site-packages/selene/support/shared/config.py\", line 277, in _set_drivers_from_webdriver_manager\n    return {\n  File \"/opt/hostedtoolcache/Python/3.10.7/x64/lib/python3.10/site-packages/selene/support/shared/config.py\", line 252, in get_chrome\n    return Chrome(\n  File \"/opt/hostedtoolcache/Python/3.10.7/x64/lib/python3.10/site-packages/selenium/webdriver/chrome/webdriver.py\", line 69, in __init__\n    super().__init__(DesiredCapabilities.CHROME['browserName'], \"goog\",\n  File \"/opt/hostedtoolcache/Python/3.10.7/x64/lib/python3.10/site-packages/selenium/webdriver/chromium/webdriver.py\", line 92, in __init__\n    super().__init__(\n  File \"/opt/hostedtoolcache/Python/3.10.7/x64/lib/python3.10/site-packages/selenium/webdriver/remote/webdriver.py\", line 270, in __init__\n    self.start_session(capabilities, browser_profile)\n  File \"/opt/hostedtoolcache/Python/3.10.7/x64/lib/python3.10/site-packages/selenium/webdriver/remote/webdriver.py\", line 363, in start_session\n    response = self.execute(Command.NEW_SESSION, parameters)\n  File \"/opt/hostedtoolcache/Python/3.10.7/x64/lib/python3.10/site-packages/selenium/webdriver/remote/webdriver.py\", line 428, in execute\n    self.error_handler.check_response(response)\n  File \"/opt/hostedtoolcache/Python/3.10.7/x64/lib/python3.10/site-packages/selenium/webdriver/remote/errorhandler.py\", line 243, in check_response\n    raise exception_class(message, screen, stacktrace)\n","steps":[],"attachments":[],"parameters":[],"stepsCount":0,"attachmentsCount":0,"shouldDisplayMessage":true,"hasContent":true}],"attachments":[{"uid":"b3c367cbcff9a251","name":"stderr","source":"b3c367cbcff9a251.txt","type":"text/plain","size":159}],"parameters":[],"stepsCount":1,"attachmentsCount":1,"shouldDisplayMessage":true,"hasContent":true},"afterStages":[],"labels":[{"name":"severity","value":"critical"},{"name":"owner","value":"Chesnova"},{"name":"story","value":"Неавторизованный пользователь может посмотреть задачу в репозитории"},{"name":"feature","value":"Задачи в репозитории"},{"name":"tag","value":"web"},{"name":"parentSuite","value":"tests"},{"name":"suite","value":"test_decorator_steps"},{"name":"host","value":"fv-az380-376"},{"name":"thread","value":"2239-MainThread"},{"name":"framework","value":"pytest"},{"name":"language","value":"cpython3"},{"name":"package","value":"tests.test_decorator_steps"},{"name":"resultFormat","value":"allure2"}],"parameters":[],"links":[{"name":"Testing","url":"https://github.com","type":"link"}],"hidden":false,"retry":false,"extra":{"severity":"critical","owner":"Chesnova","retries":[],"categories":[{"name":"Test defects","matchedStatuses":[],"flaky":false}],"history":{"statistic":{"failed":0,"broken":2,"skipped":0,"passed":0,"unknown":0,"total":2},"items":[{"uid":"2c51a07f7fcc93d1","reportUrl":"https://Chesnova.github.io/qa_guru_2_8/1//#testresult/2c51a07f7fcc93d1","status":"broken","statusDetails":"selenium.common.exceptions.WebDriverException: Message: unknown error: Chrome failed to start: exited abnormally.\n  (unknown error: DevToolsActivePort file doesn't exist)\n  (The process started from chrome location /usr/bin/google-chrome is no longer running, so ChromeDriver is assuming that Chrome has crashed.)\nStacktrace:\n#0 0x55eb8fb032c3 <unknown>\n#1 0x55eb8f90c83a <unknown>\n#2 0x55eb8f932543 <unknown>\n#3 0x55eb8f92d546 <unknown>\n#4 0x55eb8f96bde6 <unknown>\n#5 0x55eb8f96b74f <unknown>\n#6 0x55eb8f963d63 <unknown>\n#7 0x55eb8f9387e3 <unknown>\n#8 0x55eb8f939a21 <unknown>\n#9 0x55eb8fb5118e <unknown>\n#10 0x55eb8fb54622 <unknown>\n#11 0x55eb8fb37aae <unknown>\n#12 0x55eb8fb552a3 <unknown>\n#13 0x55eb8fb2becf <unknown>\n#14 0x55eb8fb75588 <unknown>\n#15 0x55eb8fb75706 <unknown>\n#16 0x55eb8fb8f8b2 <unknown>\n#17 0x7fef82313609 <unknown>","time":{"start":1664991439118,"stop":1664991440676,"duration":1558}}]},"tags":["web"]},"source":"3e1d1ddca515a1d.json","parameterValues":[]}